2025-11-05T18:55:34.098275Z DEBUG recording: cap_desktop_lib::recording: spawning start_recording actor
2025-11-05T18:55:34.098815Z TRACE cap_recording::feeds::microphone: MicrophoneFeed.Lock
2025-11-05T18:55:34.098896Z TRACE cap_recording::feeds::camera: CameraFeed.Lock
2025-11-05T18:55:34.110075Z TRACE recording:studio_recording: cap_recording::studio_recording: creating recording actor
2025-11-05T18:55:34.113057Z DEBUG recording:studio_recording:segment{index=0}: cap_recording::sources::screen_capture::macos: SCK content filter: Retained(ContentFilter(<SCContentFilter: 0x60000111af40>))
2025-11-05T18:55:34.113098Z DEBUG recording:studio_recording:segment{index=0}: cap_recording::sources::screen_capture::macos: size: PhysicalSize { width: 2942.0, height: 2072.0 }
2025-11-05T18:55:34.113374Z DEBUG recording:studio_recording:segment{index=0}: cap_recording::sources::screen_capture::macos: Using queue depth: 8
2025-11-05T18:55:34.113390Z DEBUG recording:studio_recording:segment{index=0}: cap_recording::sources::screen_capture::macos: crop bounds: LogicalBounds { position: LogicalPosition { x: 7.0, y: 33.0 }, size: LogicalSize { width: 1471.0, height: 1036.0 } }
2025-11-05T18:55:34.125404Z TRACE recording:studio_recording:segment{index=0}: cap_recording::studio_recording: preparing segment pipeline 0
2025-11-05T18:55:34.125626Z DEBUG recording:studio_recording:segment{index=0}:screen-out: cap_enc_avfoundation::mp4: VideoInfo {
    pixel_format: BGRA,
    width: 2942,
    height: 2072,
    time_base: Rational(1/1000000),
    frame_rate: Rational(60/1),
}
2025-11-05T18:55:34.125651Z DEBUG recording:studio_recording:segment{index=0}:screen-out: cap_enc_avfoundation::mp4: None
2025-11-05T18:55:34.125670Z TRACE recording:studio_recording:segment{index=0}:screen-out:{task="screen-capture"}: cap_recording::output_pipeline::core: Task started
2025-11-05T18:55:34.126854Z DEBUG recording:studio_recording:segment{index=0}:screen-out: cap_enc_avfoundation::mp4: recording bitrate: 20879460
2025-11-05T18:55:34.143122Z TRACE recording:studio_recording:segment{index=0}:screen-out:{task="capture-video"}: cap_recording::output_pipeline::core: Task started
2025-11-05T18:55:34.143130Z TRACE recording:studio_recording:segment{index=0}:screen-out:{task="mux-video"}: cap_recording::output_pipeline::core: Task started
2025-11-05T18:55:34.143115Z  INFO recording:studio_recording:segment{index=0}:screen-out: cap_recording::output_pipeline::core: Built pipeline for output /Users/mehrdad/Library/Application Support/so.cap.desktop/recordings/b629d24c-dcec-45ec-a329-3b56f410a006.cap/content/segments/segment-0/display.mp4
2025-11-05T18:55:34.146606Z  INFO recording:studio_recording:segment{index=0}: cap_recording::studio_recording: pipeline playing
2025-11-05T18:55:34.146863Z TRACE recording:studio_recording: cap_recording::studio_recording: spawning recording actor
2025-11-05T18:55:34.191227Z  INFO recording:studio_recording:segment{index=0}:cursor: cap_recording::cursor: Saved cursor 0 image to: "cursor_0.png"
2025-11-05T18:55:34.257589Z  INFO recording:studio_recording:segment{index=0}:cursor: cap_recording::cursor: Saved cursor 1 image to: "cursor_1.png"
2025-11-05T18:55:36.636675Z  INFO recording:studio_recording:segment{index=0}:cursor: cap_recording::cursor: Saved cursor 2 image to: "cursor_2.png"
2025-11-05T18:55:39.291932Z DEBUG recording:studio_recording:segment{index=0}:screen-out:{task="capture-video"}: cap_recording::sources::screen_capture::macos: Captured 55 frames
2025-11-05T18:55:44.293149Z DEBUG recording:studio_recording:segment{index=0}:screen-out:{task="capture-video"}: cap_recording::sources::screen_capture::macos: Captured 97 frames
2025-11-05T18:55:49.295545Z DEBUG recording:studio_recording:segment{index=0}:screen-out:{task="capture-video"}: cap_recording::sources::screen_capture::macos: Captured 124 frames
2025-11-05T18:55:54.297656Z DEBUG recording:studio_recording:segment{index=0}:screen-out:{task="capture-video"}: cap_recording::sources::screen_capture::macos: Captured 144 frames
2025-11-05T18:55:59.298657Z DEBUG recording:studio_recording:segment{index=0}:screen-out:{task="capture-video"}: cap_recording::sources::screen_capture::macos: Captured 166 frames
2025-11-05T18:56:02.121513Z  INFO recording:studio_recording:segment{index=0}:cursor: cap_recording::cursor: Saved cursor 3 image to: "cursor_3.png"
2025-11-05T18:56:03.327811Z  INFO recording:studio_recording:segment{index=0}:cursor: cap_recording::cursor: Saved cursor 4 image to: "cursor_4.png"
2025-11-05T18:56:04.300697Z DEBUG recording:studio_recording:segment{index=0}:screen-out:{task="capture-video"}: cap_recording::sources::screen_capture::macos: Captured 235 frames
2025-11-05T18:56:09.302445Z DEBUG recording:studio_recording:segment{index=0}:screen-out:{task="capture-video"}: cap_recording::sources::screen_capture::macos: Captured 254 frames
2025-11-05T18:56:14.304366Z DEBUG recording:studio_recording:segment{index=0}:screen-out:{task="capture-video"}: cap_recording::sources::screen_capture::macos: Captured 277 frames
2025-11-05T18:56:14.886839Z  INFO recording:studio_recording:segment{index=0}:cursor: cap_recording::cursor: Saved cursor 5 image to: "cursor_5.png"
2025-11-05T18:56:16.085832Z  INFO recording:studio_recording:segment{index=0}:cursor: cap_recording::cursor: Saved cursor 6 image to: "cursor_6.png"
2025-11-05T18:56:17.641610Z  INFO cap_recording::studio_recording: pipeline shuting down
2025-11-05T18:56:17.642467Z  INFO recording:studio_recording:segment{index=0}:screen-out:{task="mux-video"}: cap_recording::output_pipeline::core: Task finished successfully
2025-11-05T18:56:17.642586Z DEBUG recording:studio_recording:segment{index=0}:screen-out:{task="capture-video"}: cap_recording::sources::screen_capture::macos: Capturer stopping after creating 308 video frames
2025-11-05T18:56:17.658750Z  INFO recording:studio_recording:segment{index=0}:cursor: cap_recording::cursor: Saved cursor 7 image to: "cursor_7.png"
2025-11-05T18:56:17.686326Z  INFO recording:studio_recording:segment{index=0}:screen-out:{task="capture-video"}: cap_recording::output_pipeline::core: Task finished successfully
2025-11-05T18:56:17.687023Z  INFO recording:studio_recording:segment{index=0}:screen-out:{task="screen-capture"}: cap_recording::output_pipeline::core: Task finished successfully
2025-11-05T18:56:17.791773Z DEBUG cap_enc_avfoundation::mp4: Appended 308 video frames
2025-11-05T18:56:17.791997Z DEBUG cap_enc_avfoundation::mp4: Appended 0 audio frames
2025-11-05T18:56:17.792045Z  INFO cap_enc_avfoundation::mp4: Finished writing
2025-11-05T18:56:17.792724Z  INFO cap_recording::studio_recording: pipeline shutdown
2025-11-05T18:56:17.793051Z  INFO recording:studio_recording:segment{index=0}:cursor: cap_recording::cursor: cursor recorder done
2025-11-05T18:56:19.689322Z  INFO recording: cap_desktop_lib::recording: recording wait actor done: Ok(())
